[35m[1mScanning dependencies of target rgbd[0m
[35m[1mScanning dependencies of target stereo_inertial[0m
[35m[1mScanning dependencies of target mono_inertial[0m
[35m[1mScanning dependencies of target mono[0m
[35m[1mScanning dependencies of target mono_ar[0m
[35m[1mScanning dependencies of target stereo[0m
[ 15%] [32mBuilding CXX object CMakeFiles/mono_inertial.dir/src/ros_mono_inertial.cc.o[0m
[ 15%] [32mBuilding CXX object CMakeFiles/rgbd.dir/src/ros_rgbd.cc.o[0m
[ 23%] [32mBuilding CXX object CMakeFiles/mono.dir/src/ros_mono.cc.o[0m
[ 30%] [32mBuilding CXX object CMakeFiles/stereo.dir/src/ros_stereo.cc.o[0m
[ 38%] [32mBuilding CXX object CMakeFiles/stereo_inertial.dir/src/ros_stereo_inertial.cc.o[0m
[ 46%] [32mBuilding CXX object CMakeFiles/mono_ar.dir/src/AR/ros_mono_ar.cc.o[0m
[ 53%] [32mBuilding CXX object CMakeFiles/mono_ar.dir/src/AR/ViewerAR.cc.o[0m
[01m[K/home/jy/orb_slam_ws/ORB_SLAM3/ros/src/ORB_SLAM3/src/ros_rgbd.cc:25:9:[m[K [01;31m[Kfatal error: [m[Kros/ros.h: No such file or directory
 #include[01;31m[K<ros/ros.h>[m[K
         [01;31m[K^~~~~~~~~~~[m[K
[01m[K/home/jy/orb_slam_ws/ORB_SLAM3/ros/src/ORB_SLAM3/src/ros_stereo.cc:25:9:[m[K [01;31m[Kfatal error: [m[Kros/ros.h: No such file or directory
 #include[01;31m[K<ros/ros.h>[m[K
         [01;31m[K^~~~~~~~~~~[m[K
compilation terminated.
compilation terminated.
[01m[K/home/jy/orb_slam_ws/ORB_SLAM3/ros/src/ORB_SLAM3/src/ros_mono.cc:25:9:[m[K [01;31m[Kfatal error: [m[Kros/ros.h: No such file or directory
 #include[01;31m[K<ros/ros.h>[m[K
         [01;31m[K^~~~~~~~~~~[m[K
compilation terminated.
CMakeFiles/rgbd.dir/build.make:62: recipe for target 'CMakeFiles/rgbd.dir/src/ros_rgbd.cc.o' failed
CMakeFiles/stereo.dir/build.make:62: recipe for target 'CMakeFiles/stereo.dir/src/ros_stereo.cc.o' failed
CMakeFiles/mono.dir/build.make:62: recipe for target 'CMakeFiles/mono.dir/src/ros_mono.cc.o' failed
make[2]: *** [CMakeFiles/rgbd.dir/src/ros_rgbd.cc.o] Error 1
make[2]: *** [CMakeFiles/stereo.dir/src/ros_stereo.cc.o] Error 1
make[2]: *** [CMakeFiles/mono.dir/src/ros_mono.cc.o] Error 1
CMakeFiles/Makefile2:1138: recipe for target 'CMakeFiles/mono.dir/all' failed
CMakeFiles/Makefile2:1175: recipe for target 'CMakeFiles/stereo.dir/all' failed
CMakeFiles/Makefile2:360: recipe for target 'CMakeFiles/rgbd.dir/all' failed
make[1]: *** [CMakeFiles/mono.dir/all] Error 2
make[1]: *** Waiting for unfinished jobs....
make[1]: *** [CMakeFiles/stereo.dir/all] Error 2
make[1]: *** [CMakeFiles/rgbd.dir/all] Error 2
[01m[K/home/jy/orb_slam_ws/ORB_SLAM3/ros/src/ORB_SLAM3/src/AR/ros_mono_ar.cc:25:9:[m[K [01;31m[Kfatal error: [m[Kros/ros.h: No such file or directory
 #include[01;31m[K<ros/ros.h>[m[K
         [01;31m[K^~~~~~~~~~~[m[K
compilation terminated.
CMakeFiles/mono_ar.dir/build.make:62: recipe for target 'CMakeFiles/mono_ar.dir/src/AR/ros_mono_ar.cc.o' failed
make[2]: *** [CMakeFiles/mono_ar.dir/src/AR/ros_mono_ar.cc.o] Error 1
make[2]: *** Waiting for unfinished jobs....
[01m[K/home/jy/orb_slam_ws/ORB_SLAM3/ros/src/ORB_SLAM3/src/ros_mono_inertial.cc:28:9:[m[K [01;31m[Kfatal error: [m[Kros/ros.h: No such file or directory
 #include[01;31m[K<ros/ros.h>[m[K
         [01;31m[K^~~~~~~~~~~[m[K
compilation terminated.
[01m[K/home/jy/orb_slam_ws/ORB_SLAM3/ros/src/ORB_SLAM3/src/ros_stereo_inertial.cc:28:9:[m[K [01;31m[Kfatal error: [m[Kros/ros.h: No such file or directory
 #include[01;31m[K<ros/ros.h>[m[K
         [01;31m[K^~~~~~~~~~~[m[K
compilation terminated.
CMakeFiles/mono_inertial.dir/build.make:62: recipe for target 'CMakeFiles/mono_inertial.dir/src/ros_mono_inertial.cc.o' failed
make[2]: *** [CMakeFiles/mono_inertial.dir/src/ros_mono_inertial.cc.o] Error 1
CMakeFiles/Makefile2:163: recipe for target 'CMakeFiles/mono_inertial.dir/all' failed
make[1]: *** [CMakeFiles/mono_inertial.dir/all] Error 2
CMakeFiles/stereo_inertial.dir/build.make:62: recipe for target 'CMakeFiles/stereo_inertial.dir/src/ros_stereo_inertial.cc.o' failed
make[2]: *** [CMakeFiles/stereo_inertial.dir/src/ros_stereo_inertial.cc.o] Error 1
CMakeFiles/Makefile2:1212: recipe for target 'CMakeFiles/stereo_inertial.dir/all' failed
make[1]: *** [CMakeFiles/stereo_inertial.dir/all] Error 2
In file included from [01m[K/home/jy/orb_slam_ws/ORB_SLAM3/ros/src/ORB_SLAM3/../../../include/Atlas.h:27:0[m[K,
                 from [01m[K/home/jy/orb_slam_ws/ORB_SLAM3/ros/src/ORB_SLAM3/../../../include/FrameDrawer.h:25[m[K,
                 from [01m[K/home/jy/orb_slam_ws/ORB_SLAM3/ros/src/ORB_SLAM3/../../../include/Viewer.h:23[m[K,
                 from [01m[K/home/jy/orb_slam_ws/ORB_SLAM3/ros/src/ORB_SLAM3/../../../include/Tracking.h:27[m[K,
                 from [01m[K/home/jy/orb_slam_ws/ORB_SLAM3/ros/src/ORB_SLAM3/../../../include/System.h:32[m[K,
                 from [01m[K/home/jy/orb_slam_ws/ORB_SLAM3/ros/src/ORB_SLAM3/src/AR/ViewerAR.h:27[m[K,
                 from [01m[K/home/jy/orb_slam_ws/ORB_SLAM3/ros/src/ORB_SLAM3/src/AR/ViewerAR.cc:19[m[K:
[01m[K/home/jy/orb_slam_ws/ORB_SLAM3/ros/src/ORB_SLAM3/../../../include/CameraModels/KannalaBrandt8.h:[m[K In constructor ‘[01m[KORB_SLAM3::KannalaBrandt8::KannalaBrandt8(std::vector<float>)[m[K’:
[01m[K/home/jy/orb_slam_ws/ORB_SLAM3/ros/src/ORB_SLAM3/../../../include/CameraModels/KannalaBrandt8.h:105:21:[m[K [01;35m[Kwarning: [m[K‘[01m[KORB_SLAM3::KannalaBrandt8::precision[m[K’ will be initialized after [[01;35m[K-Wreorder[m[K]
         const float [01;35m[Kprecision[m[K;
                     [01;35m[K^~~~~~~~~[m[K
[01m[K/home/jy/orb_slam_ws/ORB_SLAM3/ros/src/ORB_SLAM3/../../../include/CameraModels/KannalaBrandt8.h:95:26:[m[K [01;35m[Kwarning: [m[K  ‘[01m[Kstd::vector<int> ORB_SLAM3::KannalaBrandt8::mvLappingArea[m[K’ [[01;35m[K-Wreorder[m[K]
         std::vector<int> [01;35m[KmvLappingArea[m[K;
                          [01;35m[K^~~~~~~~~~~~~[m[K
In file included from [01m[K/home/jy/orb_slam_ws/ORB_SLAM3/ros/src/ORB_SLAM3/../../../include/Atlas.h:27:0[m[K,
                 from [01m[K/home/jy/orb_slam_ws/ORB_SLAM3/ros/src/ORB_SLAM3/../../../include/FrameDrawer.h:25[m[K,
                 from [01m[K/home/jy/orb_slam_ws/ORB_SLAM3/ros/src/ORB_SLAM3/../../../include/Viewer.h:23[m[K,
                 from [01m[K/home/jy/orb_slam_ws/ORB_SLAM3/ros/src/ORB_SLAM3/../../../include/Tracking.h:27[m[K,
                 from [01m[K/home/jy/orb_slam_ws/ORB_SLAM3/ros/src/ORB_SLAM3/../../../include/System.h:32[m[K,
                 from [01m[K/home/jy/orb_slam_ws/ORB_SLAM3/ros/src/ORB_SLAM3/src/AR/ViewerAR.h:27[m[K,
                 from [01m[K/home/jy/orb_slam_ws/ORB_SLAM3/ros/src/ORB_SLAM3/src/AR/ViewerAR.cc:19[m[K:
[01m[K/home/jy/orb_slam_ws/ORB_SLAM3/ros/src/ORB_SLAM3/../../../include/CameraModels/KannalaBrandt8.h:53:9:[m[K [01;35m[Kwarning: [m[K  when initialized here [[01;35m[K-Wreorder[m[K]
         [01;35m[KKannalaBrandt8[m[K(const std::vector<float> _vParameters) : GeometricCamera(_vParameters), precision(1e-6), mvLappingArea(2,0) ,tvr(nullptr) {
         [01;35m[K^~~~~~~~~~~~~~[m[K
In file included from [01m[K/home/jy/orb_slam_ws/ORB_SLAM3/ros/src/ORB_SLAM3/../../../include/Atlas.h:27:0[m[K,
                 from [01m[K/home/jy/orb_slam_ws/ORB_SLAM3/ros/src/ORB_SLAM3/../../../include/FrameDrawer.h:25[m[K,
                 from [01m[K/home/jy/orb_slam_ws/ORB_SLAM3/ros/src/ORB_SLAM3/../../../include/Viewer.h:23[m[K,
                 from [01m[K/home/jy/orb_slam_ws/ORB_SLAM3/ros/src/ORB_SLAM3/../../../include/Tracking.h:27[m[K,
                 from [01m[K/home/jy/orb_slam_ws/ORB_SLAM3/ros/src/ORB_SLAM3/../../../include/System.h:32[m[K,
                 from [01m[K/home/jy/orb_slam_ws/ORB_SLAM3/ros/src/ORB_SLAM3/src/AR/ViewerAR.h:27[m[K,
                 from [01m[K/home/jy/orb_slam_ws/ORB_SLAM3/ros/src/ORB_SLAM3/src/AR/ViewerAR.cc:19[m[K:
[01m[K/home/jy/orb_slam_ws/ORB_SLAM3/ros/src/ORB_SLAM3/../../../include/CameraModels/KannalaBrandt8.h:[m[K In constructor ‘[01m[KORB_SLAM3::KannalaBrandt8::KannalaBrandt8(std::vector<float>, float)[m[K’:
[01m[K/home/jy/orb_slam_ws/ORB_SLAM3/ros/src/ORB_SLAM3/../../../include/CameraModels/KannalaBrandt8.h:105:21:[m[K [01;35m[Kwarning: [m[K‘[01m[KORB_SLAM3::KannalaBrandt8::precision[m[K’ will be initialized after [[01;35m[K-Wreorder[m[K]
         const float [01;35m[Kprecision[m[K;
                     [01;35m[K^~~~~~~~~[m[K
[01m[K/home/jy/orb_slam_ws/ORB_SLAM3/ros/src/ORB_SLAM3/../../../include/CameraModels/KannalaBrandt8.h:95:26:[m[K [01;35m[Kwarning: [m[K  ‘[01m[Kstd::vector<int> ORB_SLAM3::KannalaBrandt8::mvLappingArea[m[K’ [[01;35m[K-Wreorder[m[K]
         std::vector<int> [01;35m[KmvLappingArea[m[K;
                          [01;35m[K^~~~~~~~~~~~~[m[K
[01m[K/home/jy/orb_slam_ws/ORB_SLAM3/ros/src/ORB_SLAM3/../../../include/CameraModels/KannalaBrandt8.h:59:9:[m[K [01;35m[Kwarning: [m[K  when initialized here [[01;35m[K-Wreorder[m[K]
         [01;35m[KKannalaBrandt8[m[K(const std::vector<float> _vParameters, const float _precision) : GeometricCamera(_vParameters),
         [01;35m[K^~~~~~~~~~~~~~[m[K
[01m[K/home/jy/orb_slam_ws/ORB_SLAM3/ros/src/ORB_SLAM3/../../../include/CameraModels/KannalaBrandt8.h:[m[K In constructor ‘[01m[KORB_SLAM3::KannalaBrandt8::KannalaBrandt8(ORB_SLAM3::KannalaBrandt8*)[m[K’:
[01m[K/home/jy/orb_slam_ws/ORB_SLAM3/ros/src/ORB_SLAM3/../../../include/CameraModels/KannalaBrandt8.h:105:21:[m[K [01;35m[Kwarning: [m[K‘[01m[KORB_SLAM3::KannalaBrandt8::precision[m[K’ will be initialized after [[01;35m[K-Wreorder[m[K]
         const float [01;35m[Kprecision[m[K;
                     [01;35m[K^~~~~~~~~[m[K
[01m[K/home/jy/orb_slam_ws/ORB_SLAM3/ros/src/ORB_SLAM3/../../../include/CameraModels/KannalaBrandt8.h:95:26:[m[K [01;35m[Kwarning: [m[K  ‘[01m[Kstd::vector<int> ORB_SLAM3::KannalaBrandt8::mvLappingArea[m[K’ [[01;35m[K-Wreorder[m[K]
         std::vector<int> [01;35m[KmvLappingArea[m[K;
                          [01;35m[K^~~~~~~~~~~~~[m[K
[01m[K/home/jy/orb_slam_ws/ORB_SLAM3/ros/src/ORB_SLAM3/../../../include/CameraModels/KannalaBrandt8.h:65:9:[m[K [01;35m[Kwarning: [m[K  when initialized here [[01;35m[K-Wreorder[m[K]
         [01;35m[KKannalaBrandt8[m[K(KannalaBrandt8* pKannala) : GeometricCamera(pKannala->mvParameters), precision(pKannala->precision), mvLappingArea(2,0) ,tvr(nullptr) {
         [01;35m[K^~~~~~~~~~~~~~[m[K
In file included from [01m[K/home/jy/orb_slam_ws/ORB_SLAM3/ros/src/ORB_SLAM3/../../../Thirdparty/g2o/g2o/types/types_seven_dof_expmap.h:34:0[m[K,
                 from [01m[K/home/jy/orb_slam_ws/ORB_SLAM3/ros/src/ORB_SLAM3/../../../include/LoopClosing.h:34[m[K,
                 from [01m[K/home/jy/orb_slam_ws/ORB_SLAM3/ros/src/ORB_SLAM3/../../../include/LocalMapping.h:25[m[K,
                 from [01m[K/home/jy/orb_slam_ws/ORB_SLAM3/ros/src/ORB_SLAM3/../../../include/Tracking.h:30[m[K,
                 from [01m[K/home/jy/orb_slam_ws/ORB_SLAM3/ros/src/ORB_SLAM3/../../../include/System.h:32[m[K,
                 from [01m[K/home/jy/orb_slam_ws/ORB_SLAM3/ros/src/ORB_SLAM3/src/AR/ViewerAR.h:27[m[K,
                 from [01m[K/home/jy/orb_slam_ws/ORB_SLAM3/ros/src/ORB_SLAM3/src/AR/ViewerAR.cc:19[m[K:
[01m[K/home/jy/orb_slam_ws/ORB_SLAM3/ros/src/ORB_SLAM3/../../../Thirdparty/g2o/g2o/types/../core/base_vertex.h:[m[K At global scope:
[01m[K/home/jy/orb_slam_ws/ORB_SLAM3/ros/src/ORB_SLAM3/../../../Thirdparty/g2o/g2o/types/../core/base_vertex.h:62:74:[m[K [01;35m[Kwarning: [m[K‘[01m[KEigen::AlignedBit[m[K’ is deprecated [[01;35m[K-Wdeprecated-declarations[m[K]
     typedef Eigen::Map<Matrix<double, D, D>, Matrix<double,D,D>::Flags & [01;35m[KAlignedBit[m[K ? Aligned : Unaligned >  HessianBlockType;
                                                                          [01;35m[K^~~~~~~~~~[m[K
In file included from [01m[K/usr/include/eigen3/Eigen/Core:344:0[m[K,
                 from [01m[K/home/jy/orb_slam_ws/dependencies/Pangolin/include/pangolin/display/opengl_render_state.h:40[m[K,
                 from [01m[K/home/jy/orb_slam_ws/dependencies/Pangolin/include/pangolin/display/viewport.h:31[m[K,
                 from [01m[K/home/jy/orb_slam_ws/dependencies/Pangolin/include/pangolin/gl/gl.h:30[m[K,
                 from [01m[K/home/jy/orb_slam_ws/dependencies/Pangolin/include/pangolin/pangolin.h:33[m[K,
                 from [01m[K/home/jy/orb_slam_ws/ORB_SLAM3/ros/src/ORB_SLAM3/src/AR/ViewerAR.h:25[m[K,
                 from [01m[K/home/jy/orb_slam_ws/ORB_SLAM3/ros/src/ORB_SLAM3/src/AR/ViewerAR.cc:19[m[K:
[01m[K/usr/include/eigen3/Eigen/src/Core/util/Constants.h:162:37:[m[K [01;36m[Knote: [m[Kdeclared here
 EIGEN_DEPRECATED const unsigned int [01;36m[KAlignedBit[m[K = 0x80;
                                     [01;36m[K^~~~~~~~~~[m[K
In file included from [01m[K/home/jy/orb_slam_ws/ORB_SLAM3/ros/src/ORB_SLAM3/../../../Thirdparty/g2o/g2o/types/types_seven_dof_expmap.h:35:0[m[K,
                 from [01m[K/home/jy/orb_slam_ws/ORB_SLAM3/ros/src/ORB_SLAM3/../../../include/LoopClosing.h:34[m[K,
                 from [01m[K/home/jy/orb_slam_ws/ORB_SLAM3/ros/src/ORB_SLAM3/../../../include/LocalMapping.h:25[m[K,
                 from [01m[K/home/jy/orb_slam_ws/ORB_SLAM3/ros/src/ORB_SLAM3/../../../include/Tracking.h:30[m[K,
                 from [01m[K/home/jy/orb_slam_ws/ORB_SLAM3/ros/src/ORB_SLAM3/../../../include/System.h:32[m[K,
                 from [01m[K/home/jy/orb_slam_ws/ORB_SLAM3/ros/src/ORB_SLAM3/src/AR/ViewerAR.h:27[m[K,
                 from [01m[K/home/jy/orb_slam_ws/ORB_SLAM3/ros/src/ORB_SLAM3/src/AR/ViewerAR.cc:19[m[K:
[01m[K/home/jy/orb_slam_ws/ORB_SLAM3/ros/src/ORB_SLAM3/../../../Thirdparty/g2o/g2o/types/../core/base_binary_edge.h:59:82:[m[K [01;35m[Kwarning: [m[K‘[01m[KEigen::AlignedBit[m[K’ is deprecated [[01;35m[K-Wdeprecated-declarations[m[K]
       typedef Eigen::Map<Matrix<double, Di, Dj>, Matrix<double, Di, Dj>::Flags & [01;35m[KAlignedBit[m[K ? Aligned : Unaligned > HessianBlockType;
                                                                                  [01;35m[K^~~~~~~~~~[m[K
In file included from [01m[K/usr/include/eigen3/Eigen/Core:344:0[m[K,
                 from [01m[K/home/jy/orb_slam_ws/dependencies/Pangolin/include/pangolin/display/opengl_render_state.h:40[m[K,
                 from [01m[K/home/jy/orb_slam_ws/dependencies/Pangolin/include/pangolin/display/viewport.h:31[m[K,
                 from [01m[K/home/jy/orb_slam_ws/dependencies/Pangolin/include/pangolin/gl/gl.h:30[m[K,
                 from [01m[K/home/jy/orb_slam_ws/dependencies/Pangolin/include/pangolin/pangolin.h:33[m[K,
                 from [01m[K/home/jy/orb_slam_ws/ORB_SLAM3/ros/src/ORB_SLAM3/src/AR/ViewerAR.h:25[m[K,
                 from [01m[K/home/jy/orb_slam_ws/ORB_SLAM3/ros/src/ORB_SLAM3/src/AR/ViewerAR.cc:19[m[K:
[01m[K/usr/include/eigen3/Eigen/src/Core/util/Constants.h:162:37:[m[K [01;36m[Knote: [m[Kdeclared here
 EIGEN_DEPRECATED const unsigned int [01;36m[KAlignedBit[m[K = 0x80;
                                     [01;36m[K^~~~~~~~~~[m[K
In file included from [01m[K/home/jy/orb_slam_ws/ORB_SLAM3/ros/src/ORB_SLAM3/../../../Thirdparty/g2o/g2o/types/types_seven_dof_expmap.h:35:0[m[K,
                 from [01m[K/home/jy/orb_slam_ws/ORB_SLAM3/ros/src/ORB_SLAM3/../../../include/LoopClosing.h:34[m[K,
                 from [01m[K/home/jy/orb_slam_ws/ORB_SLAM3/ros/src/ORB_SLAM3/../../../include/LocalMapping.h:25[m[K,
                 from [01m[K/home/jy/orb_slam_ws/ORB_SLAM3/ros/src/ORB_SLAM3/../../../include/Tracking.h:30[m[K,
                 from [01m[K/home/jy/orb_slam_ws/ORB_SLAM3/ros/src/ORB_SLAM3/../../../include/System.h:32[m[K,
                 from [01m[K/home/jy/orb_slam_ws/ORB_SLAM3/ros/src/ORB_SLAM3/src/AR/ViewerAR.h:27[m[K,
                 from [01m[K/home/jy/orb_slam_ws/ORB_SLAM3/ros/src/ORB_SLAM3/src/AR/ViewerAR.cc:19[m[K:
[01m[K/home/jy/orb_slam_ws/ORB_SLAM3/ros/src/ORB_SLAM3/../../../Thirdparty/g2o/g2o/types/../core/base_binary_edge.h:60:82:[m[K [01;35m[Kwarning: [m[K‘[01m[KEigen::AlignedBit[m[K’ is deprecated [[01;35m[K-Wdeprecated-declarations[m[K]
       typedef Eigen::Map<Matrix<double, Dj, Di>, Matrix<double, Dj, Di>::Flags & [01;35m[KAlignedBit[m[K ? Aligned : Unaligned > HessianBlockTransposedType;
                                                                                  [01;35m[K^~~~~~~~~~[m[K
In file included from [01m[K/usr/include/eigen3/Eigen/Core:344:0[m[K,
                 from [01m[K/home/jy/orb_slam_ws/dependencies/Pangolin/include/pangolin/display/opengl_render_state.h:40[m[K,
                 from [01m[K/home/jy/orb_slam_ws/dependencies/Pangolin/include/pangolin/display/viewport.h:31[m[K,
                 from [01m[K/home/jy/orb_slam_ws/dependencies/Pangolin/include/pangolin/gl/gl.h:30[m[K,
                 from [01m[K/home/jy/orb_slam_ws/dependencies/Pangolin/include/pangolin/pangolin.h:33[m[K,
                 from [01m[K/home/jy/orb_slam_ws/ORB_SLAM3/ros/src/ORB_SLAM3/src/AR/ViewerAR.h:25[m[K,
                 from [01m[K/home/jy/orb_slam_ws/ORB_SLAM3/ros/src/ORB_SLAM3/src/AR/ViewerAR.cc:19[m[K:
[01m[K/usr/include/eigen3/Eigen/src/Core/util/Constants.h:162:37:[m[K [01;36m[Knote: [m[Kdeclared here
 EIGEN_DEPRECATED const unsigned int [01;36m[KAlignedBit[m[K = 0x80;
                                     [01;36m[K^~~~~~~~~~[m[K
In file included from [01m[K/home/jy/orb_slam_ws/ORB_SLAM3/ros/src/ORB_SLAM3/../../../Thirdparty/g2o/g2o/types/types_seven_dof_expmap.h:34:0[m[K,
                 from [01m[K/home/jy/orb_slam_ws/ORB_SLAM3/ros/src/ORB_SLAM3/../../../include/LoopClosing.h:34[m[K,
                 from [01m[K/home/jy/orb_slam_ws/ORB_SLAM3/ros/src/ORB_SLAM3/../../../include/LocalMapping.h:25[m[K,
                 from [01m[K/home/jy/orb_slam_ws/ORB_SLAM3/ros/src/ORB_SLAM3/../../../include/Tracking.h:30[m[K,
                 from [01m[K/home/jy/orb_slam_ws/ORB_SLAM3/ros/src/ORB_SLAM3/../../../include/System.h:32[m[K,
                 from [01m[K/home/jy/orb_slam_ws/ORB_SLAM3/ros/src/ORB_SLAM3/src/AR/ViewerAR.h:27[m[K,
                 from [01m[K/home/jy/orb_slam_ws/ORB_SLAM3/ros/src/ORB_SLAM3/src/AR/ViewerAR.cc:19[m[K:
/home/jy/orb_slam_ws/ORB_SLAM3/ros/src/ORB_SLAM3/../../../Thirdparty/g2o/g2o/types/../core/base_vertex.h: In instantiation of ‘[01m[Kclass g2o::BaseVertex<3, Eigen::Matrix<double, 3, 1> >[m[K’:
[01m[K/home/jy/orb_slam_ws/ORB_SLAM3/ros/src/ORB_SLAM3/../../../Thirdparty/g2o/g2o/types/types_sba.h:40:35:[m[K   required from here
[01m[K/home/jy/orb_slam_ws/ORB_SLAM3/ros/src/ORB_SLAM3/../../../Thirdparty/g2o/g2o/types/../core/base_vertex.h:62:72:[m[K [01;35m[Kwarning: [m[K‘[01m[KEigen::AlignedBit[m[K’ is deprecated [[01;35m[K-Wdeprecated-declarations[m[K]
     typedef Eigen::Map<Matrix<double, D, D>, [01;35m[KMatrix<double,D,D>::Flags & AlignedBit[m[K ? Aligned : Unaligned >  HessianBlockType;
                                              [01;35m[K~~~~~~~~~~~~~~~~~~~~~~~~~~^~~~~~~~~~~~[m[K
In file included from [01m[K/usr/include/eigen3/Eigen/Core:344:0[m[K,
                 from [01m[K/home/jy/orb_slam_ws/dependencies/Pangolin/include/pangolin/display/opengl_render_state.h:40[m[K,
                 from [01m[K/home/jy/orb_slam_ws/dependencies/Pangolin/include/pangolin/display/viewport.h:31[m[K,
                 from [01m[K/home/jy/orb_slam_ws/dependencies/Pangolin/include/pangolin/gl/gl.h:30[m[K,
                 from [01m[K/home/jy/orb_slam_ws/dependencies/Pangolin/include/pangolin/pangolin.h:33[m[K,
                 from [01m[K/home/jy/orb_slam_ws/ORB_SLAM3/ros/src/ORB_SLAM3/src/AR/ViewerAR.h:25[m[K,
                 from [01m[K/home/jy/orb_slam_ws/ORB_SLAM3/ros/src/ORB_SLAM3/src/AR/ViewerAR.cc:19[m[K:
[01m[K/usr/include/eigen3/Eigen/src/Core/util/Constants.h:162:37:[m[K [01;36m[Knote: [m[Kdeclared here
 EIGEN_DEPRECATED const unsigned int [01;36m[KAlignedBit[m[K = 0x80;
                                     [01;36m[K^~~~~~~~~~[m[K
In file included from [01m[K/home/jy/orb_slam_ws/ORB_SLAM3/ros/src/ORB_SLAM3/../../../Thirdparty/g2o/g2o/types/types_seven_dof_expmap.h:34:0[m[K,
                 from [01m[K/home/jy/orb_slam_ws/ORB_SLAM3/ros/src/ORB_SLAM3/../../../include/LoopClosing.h:34[m[K,
                 from [01m[K/home/jy/orb_slam_ws/ORB_SLAM3/ros/src/ORB_SLAM3/../../../include/LocalMapping.h:25[m[K,
                 from [01m[K/home/jy/orb_slam_ws/ORB_SLAM3/ros/src/ORB_SLAM3/../../../include/Tracking.h:30[m[K,
                 from [01m[K/home/jy/orb_slam_ws/ORB_SLAM3/ros/src/ORB_SLAM3/../../../include/System.h:32[m[K,
                 from [01m[K/home/jy/orb_slam_ws/ORB_SLAM3/ros/src/ORB_SLAM3/src/AR/ViewerAR.h:27[m[K,
                 from [01m[K/home/jy/orb_slam_ws/ORB_SLAM3/ros/src/ORB_SLAM3/src/AR/ViewerAR.cc:19[m[K:
/home/jy/orb_slam_ws/ORB_SLAM3/ros/src/ORB_SLAM3/../../../Thirdparty/g2o/g2o/types/../core/base_vertex.h: In instantiation of ‘[01m[Kclass g2o::BaseVertex<6, g2o::SE3Quat>[m[K’:
[01m[K/home/jy/orb_slam_ws/ORB_SLAM3/ros/src/ORB_SLAM3/../../../Thirdparty/g2o/g2o/types/types_six_dof_expmap.h:59:33:[m[K   required from here
[01m[K/home/jy/orb_slam_ws/ORB_SLAM3/ros/src/ORB_SLAM3/../../../Thirdparty/g2o/g2o/types/../core/base_vertex.h:62:72:[m[K [01;35m[Kwarning: [m[K‘[01m[KEigen::AlignedBit[m[K’ is deprecated [[01;35m[K-Wdeprecated-declarations[m[K]
     typedef Eigen::Map<Matrix<double, D, D>, [01;35m[KMatrix<double,D,D>::Flags & AlignedBit[m[K ? Aligned : Unaligned >  HessianBlockType;
                                              [01;35m[K~~~~~~~~~~~~~~~~~~~~~~~~~~^~~~~~~~~~~~[m[K
In file included from [01m[K/usr/include/eigen3/Eigen/Core:344:0[m[K,
                 from [01m[K/home/jy/orb_slam_ws/dependencies/Pangolin/include/pangolin/display/opengl_render_state.h:40[m[K,
                 from [01m[K/home/jy/orb_slam_ws/dependencies/Pangolin/include/pangolin/display/viewport.h:31[m[K,
                 from [01m[K/home/jy/orb_slam_ws/dependencies/Pangolin/include/pangolin/gl/gl.h:30[m[K,
                 from [01m[K/home/jy/orb_slam_ws/dependencies/Pangolin/include/pangolin/pangolin.h:33[m[K,
                 from [01m[K/home/jy/orb_slam_ws/ORB_SLAM3/ros/src/ORB_SLAM3/src/AR/ViewerAR.h:25[m[K,
                 from [01m[K/home/jy/orb_slam_ws/ORB_SLAM3/ros/src/ORB_SLAM3/src/AR/ViewerAR.cc:19[m[K:
[01m[K/usr/include/eigen3/Eigen/src/Core/util/Constants.h:162:37:[m[K [01;36m[Knote: [m[Kdeclared here
 EIGEN_DEPRECATED const unsigned int [01;36m[KAlignedBit[m[K = 0x80;
                                     [01;36m[K^~~~~~~~~~[m[K
In file included from [01m[K/home/jy/orb_slam_ws/ORB_SLAM3/ros/src/ORB_SLAM3/../../../Thirdparty/g2o/g2o/types/types_seven_dof_expmap.h:35:0[m[K,
                 from [01m[K/home/jy/orb_slam_ws/ORB_SLAM3/ros/src/ORB_SLAM3/../../../include/LoopClosing.h:34[m[K,
                 from [01m[K/home/jy/orb_slam_ws/ORB_SLAM3/ros/src/ORB_SLAM3/../../../include/LocalMapping.h:25[m[K,
                 from [01m[K/home/jy/orb_slam_ws/ORB_SLAM3/ros/src/ORB_SLAM3/../../../include/Tracking.h:30[m[K,
                 from [01m[K/home/jy/orb_slam_ws/ORB_SLAM3/ros/src/ORB_SLAM3/../../../include/System.h:32[m[K,
                 from [01m[K/home/jy/orb_slam_ws/ORB_SLAM3/ros/src/ORB_SLAM3/src/AR/ViewerAR.h:27[m[K,
                 from [01m[K/home/jy/orb_slam_ws/ORB_SLAM3/ros/src/ORB_SLAM3/src/AR/ViewerAR.cc:19[m[K:
/home/jy/orb_slam_ws/ORB_SLAM3/ros/src/ORB_SLAM3/../../../Thirdparty/g2o/g2o/types/../core/base_binary_edge.h: In instantiation of ‘[01m[Kclass g2o::BaseBinaryEdge<6, g2o::SE3Quat, g2o::VertexSE3Expmap, g2o::VertexSE3Expmap>[m[K’:
[01m[K/home/jy/orb_slam_ws/ORB_SLAM3/ros/src/ORB_SLAM3/../../../Thirdparty/g2o/g2o/types/types_six_dof_expmap.h:83:24:[m[K   required from here
[01m[K/home/jy/orb_slam_ws/ORB_SLAM3/ros/src/ORB_SLAM3/../../../Thirdparty/g2o/g2o/types/../core/base_binary_edge.h:59:80:[m[K [01;35m[Kwarning: [m[K‘[01m[KEigen::AlignedBit[m[K’ is deprecated [[01;35m[K-Wdeprecated-declarations[m[K]
       typedef Eigen::Map<Matrix<double, Di, Dj>, [01;35m[KMatrix<double, Di, Dj>::Flags & AlignedBit[m[K ? Aligned : Unaligned > HessianBlockType;
                                                  [01;35m[K~~~~~~~~~~~~~~~~~~~~~~~~~~~~~~^~~~~~~~~~~~[m[K
In file included from [01m[K/usr/include/eigen3/Eigen/Core:344:0[m[K,
                 from [01m[K/home/jy/orb_slam_ws/dependencies/Pangolin/include/pangolin/display/opengl_render_state.h:40[m[K,
                 from [01m[K/home/jy/orb_slam_ws/dependencies/Pangolin/include/pangolin/display/viewport.h:31[m[K,
                 from [01m[K/home/jy/orb_slam_ws/dependencies/Pangolin/include/pangolin/gl/gl.h:30[m[K,
                 from [01m[K/home/jy/orb_slam_ws/dependencies/Pangolin/include/pangolin/pangolin.h:33[m[K,
                 from [01m[K/home/jy/orb_slam_ws/ORB_SLAM3/ros/src/ORB_SLAM3/src/AR/ViewerAR.h:25[m[K,
                 from [01m[K/home/jy/orb_slam_ws/ORB_SLAM3/ros/src/ORB_SLAM3/src/AR/ViewerAR.cc:19[m[K:
[01m[K/usr/include/eigen3/Eigen/src/Core/util/Constants.h:162:37:[m[K [01;36m[Knote: [m[Kdeclared here
 EIGEN_DEPRECATED const unsigned int [01;36m[KAlignedBit[m[K = 0x80;
                                     [01;36m[K^~~~~~~~~~[m[K
In file included from [01m[K/home/jy/orb_slam_ws/ORB_SLAM3/ros/src/ORB_SLAM3/../../../Thirdparty/g2o/g2o/types/types_seven_dof_expmap.h:35:0[m[K,
                 from [01m[K/home/jy/orb_slam_ws/ORB_SLAM3/ros/src/ORB_SLAM3/../../../include/LoopClosing.h:34[m[K,
                 from [01m[K/home/jy/orb_slam_ws/ORB_SLAM3/ros/src/ORB_SLAM3/../../../include/LocalMapping.h:25[m[K,
                 from [01m[K/home/jy/orb_slam_ws/ORB_SLAM3/ros/src/ORB_SLAM3/../../../include/Tracking.h:30[m[K,
                 from [01m[K/home/jy/orb_slam_ws/ORB_SLAM3/ros/src/ORB_SLAM3/../../../include/System.h:32[m[K,
                 from [01m[K/home/jy/orb_slam_ws/ORB_SLAM3/ros/src/ORB_SLAM3/src/AR/ViewerAR.h:27[m[K,
                 from [01m[K/home/jy/orb_slam_ws/ORB_SLAM3/ros/src/ORB_SLAM3/src/AR/ViewerAR.cc:19[m[K:
[01m[K/home/jy/orb_slam_ws/ORB_SLAM3/ros/src/ORB_SLAM3/../../../Thirdparty/g2o/g2o/types/../core/base_binary_edge.h:60:80:[m[K [01;35m[Kwarning: [m[K‘[01m[KEigen::AlignedBit[m[K’ is deprecated [[01;35m[K-Wdeprecated-declarations[m[K]
       typedef Eigen::Map<Matrix<double, Dj, Di>, [01;35m[KMatrix<double, Dj, Di>::Flags & AlignedBit[m[K ? Aligned : Unaligned > HessianBlockTransposedType;
                                                  [01;35m[K~~~~~~~~~~~~~~~~~~~~~~~~~~~~~~^~~~~~~~~~~~[m[K
In file included from [01m[K/usr/include/eigen3/Eigen/Core:344:0[m[K,
                 from [01m[K/home/jy/orb_slam_ws/dependencies/Pangolin/include/pangolin/display/opengl_render_state.h:40[m[K,
                 from [01m[K/home/jy/orb_slam_ws/dependencies/Pangolin/include/pangolin/display/viewport.h:31[m[K,
                 from [01m[K/home/jy/orb_slam_ws/dependencies/Pangolin/include/pangolin/gl/gl.h:30[m[K,
                 from [01m[K/home/jy/orb_slam_ws/dependencies/Pangolin/include/pangolin/pangolin.h:33[m[K,
                 from [01m[K/home/jy/orb_slam_ws/ORB_SLAM3/ros/src/ORB_SLAM3/src/AR/ViewerAR.h:25[m[K,
                 from [01m[K/home/jy/orb_slam_ws/ORB_SLAM3/ros/src/ORB_SLAM3/src/AR/ViewerAR.cc:19[m[K:
[01m[K/usr/include/eigen3/Eigen/src/Core/util/Constants.h:162:37:[m[K [01;36m[Knote: [m[Kdeclared here
 EIGEN_DEPRECATED const unsigned int [01;36m[KAlignedBit[m[K = 0x80;
                                     [01;36m[K^~~~~~~~~~[m[K
In file included from [01m[K/home/jy/orb_slam_ws/ORB_SLAM3/ros/src/ORB_SLAM3/../../../Thirdparty/g2o/g2o/types/types_seven_dof_expmap.h:35:0[m[K,
                 from [01m[K/home/jy/orb_slam_ws/ORB_SLAM3/ros/src/ORB_SLAM3/../../../include/LoopClosing.h:34[m[K,
                 from [01m[K/home/jy/orb_slam_ws/ORB_SLAM3/ros/src/ORB_SLAM3/../../../include/LocalMapping.h:25[m[K,
                 from [01m[K/home/jy/orb_slam_ws/ORB_SLAM3/ros/src/ORB_SLAM3/../../../include/Tracking.h:30[m[K,
                 from [01m[K/home/jy/orb_slam_ws/ORB_SLAM3/ros/src/ORB_SLAM3/../../../include/System.h:32[m[K,
                 from [01m[K/home/jy/orb_slam_ws/ORB_SLAM3/ros/src/ORB_SLAM3/src/AR/ViewerAR.h:27[m[K,
                 from [01m[K/home/jy/orb_slam_ws/ORB_SLAM3/ros/src/ORB_SLAM3/src/AR/ViewerAR.cc:19[m[K:
/home/jy/orb_slam_ws/ORB_SLAM3/ros/src/ORB_SLAM3/../../../Thirdparty/g2o/g2o/types/../core/base_binary_edge.h: In instantiation of ‘[01m[Kclass g2o::BaseBinaryEdge<2, Eigen::Matrix<double, 2, 1>, g2o::VertexSBAPointXYZ, g2o::VertexSE3Expmap>[m[K’:
[01m[K/home/jy/orb_slam_ws/ORB_SLAM3/ros/src/ORB_SLAM3/../../../Thirdparty/g2o/g2o/types/types_six_dof_expmap.h:114:35:[m[K   required from here
[01m[K/home/jy/orb_slam_ws/ORB_SLAM3/ros/src/ORB_SLAM3/../../../Thirdparty/g2o/g2o/types/../core/base_binary_edge.h:59:80:[m[K [01;35m[Kwarning: [m[K‘[01m[KEigen::AlignedBit[m[K’ is deprecated [[01;35m[K-Wdeprecated-declarations[m[K]
       typedef Eigen::Map<Matrix<double, Di, Dj>, [01;35m[KMatrix<double, Di, Dj>::Flags & AlignedBit[m[K ? Aligned : Unaligned > HessianBlockType;
                                                  [01;35m[K~~~~~~~~~~~~~~~~~~~~~~~~~~~~~~^~~~~~~~~~~~[m[K
In file included from [01m[K/usr/include/eigen3/Eigen/Core:344:0[m[K,
                 from [01m[K/home/jy/orb_slam_ws/dependencies/Pangolin/include/pangolin/display/opengl_render_state.h:40[m[K,
                 from [01m[K/home/jy/orb_slam_ws/dependencies/Pangolin/include/pangolin/display/viewport.h:31[m[K,
                 from [01m[K/home/jy/orb_slam_ws/dependencies/Pangolin/include/pangolin/gl/gl.h:30[m[K,
                 from [01m[K/home/jy/orb_slam_ws/dependencies/Pangolin/include/pangolin/pangolin.h:33[m[K,
                 from [01m[K/home/jy/orb_slam_ws/ORB_SLAM3/ros/src/ORB_SLAM3/src/AR/ViewerAR.h:25[m[K,
                 from [01m[K/home/jy/orb_slam_ws/ORB_SLAM3/ros/src/ORB_SLAM3/src/AR/ViewerAR.cc:19[m[K:
[01m[K/usr/include/eigen3/Eigen/src/Core/util/Constants.h:162:37:[m[K [01;36m[Knote: [m[Kdeclared here
 EIGEN_DEPRECATED const unsigned int [01;36m[KAlignedBit[m[K = 0x80;
                                     [01;36m[K^~~~~~~~~~[m[K
In file included from [01m[K/home/jy/orb_slam_ws/ORB_SLAM3/ros/src/ORB_SLAM3/../../../Thirdparty/g2o/g2o/types/types_seven_dof_expmap.h:35:0[m[K,
                 from [01m[K/home/jy/orb_slam_ws/ORB_SLAM3/ros/src/ORB_SLAM3/../../../include/LoopClosing.h:34[m[K,
                 from [01m[K/home/jy/orb_slam_ws/ORB_SLAM3/ros/src/ORB_SLAM3/../../../include/LocalMapping.h:25[m[K,
                 from [01m[K/home/jy/orb_slam_ws/ORB_SLAM3/ros/src/ORB_SLAM3/../../../include/Tracking.h:30[m[K,
                 from [01m[K/home/jy/orb_slam_ws/ORB_SLAM3/ros/src/ORB_SLAM3/../../../include/System.h:32[m[K,
                 from [01m[K/home/jy/orb_slam_ws/ORB_SLAM3/ros/src/ORB_SLAM3/src/AR/ViewerAR.h:27[m[K,
                 from [01m[K/home/jy/orb_slam_ws/ORB_SLAM3/ros/src/ORB_SLAM3/src/AR/ViewerAR.cc:19[m[K:
[01m[K/home/jy/orb_slam_ws/ORB_SLAM3/ros/src/ORB_SLAM3/../../../Thirdparty/g2o/g2o/types/../core/base_binary_edge.h:60:80:[m[K [01;35m[Kwarning: [m[K‘[01m[KEigen::AlignedBit[m[K’ is deprecated [[01;35m[K-Wdeprecated-declarations[m[K]
       typedef Eigen::Map<Matrix<double, Dj, Di>, [01;35m[KMatrix<double, Dj, Di>::Flags & AlignedBit[m[K ? Aligned : Unaligned > HessianBlockTransposedType;
                                                  [01;35m[K~~~~~~~~~~~~~~~~~~~~~~~~~~~~~~^~~~~~~~~~~~[m[K
In file included from [01m[K/usr/include/eigen3/Eigen/Core:344:0[m[K,
                 from [01m[K/home/jy/orb_slam_ws/dependencies/Pangolin/include/pangolin/display/opengl_render_state.h:40[m[K,
                 from [01m[K/home/jy/orb_slam_ws/dependencies/Pangolin/include/pangolin/display/viewport.h:31[m[K,
                 from [01m[K/home/jy/orb_slam_ws/dependencies/Pangolin/include/pangolin/gl/gl.h:30[m[K,
                 from [01m[K/home/jy/orb_slam_ws/dependencies/Pangolin/include/pangolin/pangolin.h:33[m[K,
                 from [01m[K/home/jy/orb_slam_ws/ORB_SLAM3/ros/src/ORB_SLAM3/src/AR/ViewerAR.h:25[m[K,
                 from [01m[K/home/jy/orb_slam_ws/ORB_SLAM3/ros/src/ORB_SLAM3/src/AR/ViewerAR.cc:19[m[K:
[01m[K/usr/include/eigen3/Eigen/src/Core/util/Constants.h:162:37:[m[K [01;36m[Knote: [m[Kdeclared here
 EIGEN_DEPRECATED const unsigned int [01;36m[KAlignedBit[m[K = 0x80;
                                     [01;36m[K^~~~~~~~~~[m[K
In file included from [01m[K/home/jy/orb_slam_ws/ORB_SLAM3/ros/src/ORB_SLAM3/../../../Thirdparty/g2o/g2o/types/types_seven_dof_expmap.h:35:0[m[K,
                 from [01m[K/home/jy/orb_slam_ws/ORB_SLAM3/ros/src/ORB_SLAM3/../../../include/LoopClosing.h:34[m[K,
                 from [01m[K/home/jy/orb_slam_ws/ORB_SLAM3/ros/src/ORB_SLAM3/../../../include/LocalMapping.h:25[m[K,
                 from [01m[K/home/jy/orb_slam_ws/ORB_SLAM3/ros/src/ORB_SLAM3/../../../include/Tracking.h:30[m[K,
                 from [01m[K/home/jy/orb_slam_ws/ORB_SLAM3/ros/src/ORB_SLAM3/../../../include/System.h:32[m[K,
                 from [01m[K/home/jy/orb_slam_ws/ORB_SLAM3/ros/src/ORB_SLAM3/src/AR/ViewerAR.h:27[m[K,
                 from [01m[K/home/jy/orb_slam_ws/ORB_SLAM3/ros/src/ORB_SLAM3/src/AR/ViewerAR.cc:19[m[K:
/home/jy/orb_slam_ws/ORB_SLAM3/ros/src/ORB_SLAM3/../../../Thirdparty/g2o/g2o/types/../core/base_binary_edge.h: In instantiation of ‘[01m[Kclass g2o::BaseBinaryEdge<3, Eigen::Matrix<double, 3, 1>, g2o::VertexSBAPointXYZ, g2o::VertexSE3Expmap>[m[K’:
[01m[K/home/jy/orb_slam_ws/ORB_SLAM3/ros/src/ORB_SLAM3/../../../Thirdparty/g2o/g2o/types/types_six_dof_expmap.h:146:41:[m[K   required from here
[01m[K/home/jy/orb_slam_ws/ORB_SLAM3/ros/src/ORB_SLAM3/../../../Thirdparty/g2o/g2o/types/../core/base_binary_edge.h:59:80:[m[K [01;35m[Kwarning: [m[K‘[01m[KEigen::AlignedBit[m[K’ is deprecated [[01;35m[K-Wdeprecated-declarations[m[K]
       typedef Eigen::Map<Matrix<double, Di, Dj>, [01;35m[KMatrix<double, Di, Dj>::Flags & AlignedBit[m[K ? Aligned : Unaligned > HessianBlockType;
                                                  [01;35m[K~~~~~~~~~~~~~~~~~~~~~~~~~~~~~~^~~~~~~~~~~~[m[K
In file included from [01m[K/usr/include/eigen3/Eigen/Core:344:0[m[K,
                 from [01m[K/home/jy/orb_slam_ws/dependencies/Pangolin/include/pangolin/display/opengl_render_state.h:40[m[K,
                 from [01m[K/home/jy/orb_slam_ws/dependencies/Pangolin/include/pangolin/display/viewport.h:31[m[K,
                 from [01m[K/home/jy/orb_slam_ws/dependencies/Pangolin/include/pangolin/gl/gl.h:30[m[K,
                 from [01m[K/home/jy/orb_slam_ws/dependencies/Pangolin/include/pangolin/pangolin.h:33[m[K,
                 from [01m[K/home/jy/orb_slam_ws/ORB_SLAM3/ros/src/ORB_SLAM3/src/AR/ViewerAR.h:25[m[K,
                 from [01m[K/home/jy/orb_slam_ws/ORB_SLAM3/ros/src/ORB_SLAM3/src/AR/ViewerAR.cc:19[m[K:
[01m[K/usr/include/eigen3/Eigen/src/Core/util/Constants.h:162:37:[m[K [01;36m[Knote: [m[Kdeclared here
 EIGEN_DEPRECATED const unsigned int [01;36m[KAlignedBit[m[K = 0x80;
                                     [01;36m[K^~~~~~~~~~[m[K
In file included from [01m[K/home/jy/orb_slam_ws/ORB_SLAM3/ros/src/ORB_SLAM3/../../../Thirdparty/g2o/g2o/types/types_seven_dof_expmap.h:35:0[m[K,
                 from [01m[K/home/jy/orb_slam_ws/ORB_SLAM3/ros/src/ORB_SLAM3/../../../include/LoopClosing.h:34[m[K,
                 from [01m[K/home/jy/orb_slam_ws/ORB_SLAM3/ros/src/ORB_SLAM3/../../../include/LocalMapping.h:25[m[K,
                 from [01m[K/home/jy/orb_slam_ws/ORB_SLAM3/ros/src/ORB_SLAM3/../../../include/Tracking.h:30[m[K,
                 from [01m[K/home/jy/orb_slam_ws/ORB_SLAM3/ros/src/ORB_SLAM3/../../../include/System.h:32[m[K,
                 from [01m[K/home/jy/orb_slam_ws/ORB_SLAM3/ros/src/ORB_SLAM3/src/AR/ViewerAR.h:27[m[K,
                 from [01m[K/home/jy/orb_slam_ws/ORB_SLAM3/ros/src/ORB_SLAM3/src/AR/ViewerAR.cc:19[m[K:
[01m[K/home/jy/orb_slam_ws/ORB_SLAM3/ros/src/ORB_SLAM3/../../../Thirdparty/g2o/g2o/types/../core/base_binary_edge.h:60:80:[m[K [01;35m[Kwarning: [m[K‘[01m[KEigen::AlignedBit[m[K’ is deprecated [[01;35m[K-Wdeprecated-declarations[m[K]
       typedef Eigen::Map<Matrix<double, Dj, Di>, [01;35m[KMatrix<double, Dj, Di>::Flags & AlignedBit[m[K ? Aligned : Unaligned > HessianBlockTransposedType;
                                                  [01;35m[K~~~~~~~~~~~~~~~~~~~~~~~~~~~~~~^~~~~~~~~~~~[m[K
In file included from [01m[K/usr/include/eigen3/Eigen/Core:344:0[m[K,
                 from [01m[K/home/jy/orb_slam_ws/dependencies/Pangolin/include/pangolin/display/opengl_render_state.h:40[m[K,
                 from [01m[K/home/jy/orb_slam_ws/dependencies/Pangolin/include/pangolin/display/viewport.h:31[m[K,
                 from [01m[K/home/jy/orb_slam_ws/dependencies/Pangolin/include/pangolin/gl/gl.h:30[m[K,
                 from [01m[K/home/jy/orb_slam_ws/dependencies/Pangolin/include/pangolin/pangolin.h:33[m[K,
                 from [01m[K/home/jy/orb_slam_ws/ORB_SLAM3/ros/src/ORB_SLAM3/src/AR/ViewerAR.h:25[m[K,
                 from [01m[K/home/jy/orb_slam_ws/ORB_SLAM3/ros/src/ORB_SLAM3/src/AR/ViewerAR.cc:19[m[K:
[01m[K/usr/include/eigen3/Eigen/src/Core/util/Constants.h:162:37:[m[K [01;36m[Knote: [m[Kdeclared here
 EIGEN_DEPRECATED const unsigned int [01;36m[KAlignedBit[m[K = 0x80;
                                     [01;36m[K^~~~~~~~~~[m[K
In file included from [01m[K/home/jy/orb_slam_ws/ORB_SLAM3/ros/src/ORB_SLAM3/../../../Thirdparty/g2o/g2o/types/types_seven_dof_expmap.h:34:0[m[K,
                 from [01m[K/home/jy/orb_slam_ws/ORB_SLAM3/ros/src/ORB_SLAM3/../../../include/LoopClosing.h:34[m[K,
                 from [01m[K/home/jy/orb_slam_ws/ORB_SLAM3/ros/src/ORB_SLAM3/../../../include/LocalMapping.h:25[m[K,
                 from [01m[K/home/jy/orb_slam_ws/ORB_SLAM3/ros/src/ORB_SLAM3/../../../include/Tracking.h:30[m[K,
                 from [01m[K/home/jy/orb_slam_ws/ORB_SLAM3/ros/src/ORB_SLAM3/../../../include/System.h:32[m[K,
                 from [01m[K/home/jy/orb_slam_ws/ORB_SLAM3/ros/src/ORB_SLAM3/src/AR/ViewerAR.h:27[m[K,
                 from [01m[K/home/jy/orb_slam_ws/ORB_SLAM3/ros/src/ORB_SLAM3/src/AR/ViewerAR.cc:19[m[K:
/home/jy/orb_slam_ws/ORB_SLAM3/ros/src/ORB_SLAM3/../../../Thirdparty/g2o/g2o/types/../core/base_vertex.h: In instantiation of ‘[01m[Kclass g2o::BaseVertex<7, g2o::Sim3>[m[K’:
[01m[K/home/jy/orb_slam_ws/ORB_SLAM3/ros/src/ORB_SLAM3/../../../Thirdparty/g2o/g2o/types/types_seven_dof_expmap.h:48:35:[m[K   required from here
[01m[K/home/jy/orb_slam_ws/ORB_SLAM3/ros/src/ORB_SLAM3/../../../Thirdparty/g2o/g2o/types/../core/base_vertex.h:62:72:[m[K [01;35m[Kwarning: [m[K‘[01m[KEigen::AlignedBit[m[K’ is deprecated [[01;35m[K-Wdeprecated-declarations[m[K]
     typedef Eigen::Map<Matrix<double, D, D>, [01;35m[KMatrix<double,D,D>::Flags & AlignedBit[m[K ? Aligned : Unaligned >  HessianBlockType;
                                              [01;35m[K~~~~~~~~~~~~~~~~~~~~~~~~~~^~~~~~~~~~~~[m[K
In file included from [01m[K/usr/include/eigen3/Eigen/Core:344:0[m[K,
                 from [01m[K/home/jy/orb_slam_ws/dependencies/Pangolin/include/pangolin/display/opengl_render_state.h:40[m[K,
                 from [01m[K/home/jy/orb_slam_ws/dependencies/Pangolin/include/pangolin/display/viewport.h:31[m[K,
                 from [01m[K/home/jy/orb_slam_ws/dependencies/Pangolin/include/pangolin/gl/gl.h:30[m[K,
                 from [01m[K/home/jy/orb_slam_ws/dependencies/Pangolin/include/pangolin/pangolin.h:33[m[K,
                 from [01m[K/home/jy/orb_slam_ws/ORB_SLAM3/ros/src/ORB_SLAM3/src/AR/ViewerAR.h:25[m[K,
                 from [01m[K/home/jy/orb_slam_ws/ORB_SLAM3/ros/src/ORB_SLAM3/src/AR/ViewerAR.cc:19[m[K:
[01m[K/usr/include/eigen3/Eigen/src/Core/util/Constants.h:162:37:[m[K [01;36m[Knote: [m[Kdeclared here
 EIGEN_DEPRECATED const unsigned int [01;36m[KAlignedBit[m[K = 0x80;
                                     [01;36m[K^~~~~~~~~~[m[K
In file included from [01m[K/home/jy/orb_slam_ws/ORB_SLAM3/ros/src/ORB_SLAM3/../../../Thirdparty/g2o/g2o/types/types_seven_dof_expmap.h:35:0[m[K,
                 from [01m[K/home/jy/orb_slam_ws/ORB_SLAM3/ros/src/ORB_SLAM3/../../../include/LoopClosing.h:34[m[K,
                 from [01m[K/home/jy/orb_slam_ws/ORB_SLAM3/ros/src/ORB_SLAM3/../../../include/LocalMapping.h:25[m[K,
                 from [01m[K/home/jy/orb_slam_ws/ORB_SLAM3/ros/src/ORB_SLAM3/../../../include/Tracking.h:30[m[K,
                 from [01m[K/home/jy/orb_slam_ws/ORB_SLAM3/ros/src/ORB_SLAM3/../../../include/System.h:32[m[K,
                 from [01m[K/home/jy/orb_slam_ws/ORB_SLAM3/ros/src/ORB_SLAM3/src/AR/ViewerAR.h:27[m[K,
                 from [01m[K/home/jy/orb_slam_ws/ORB_SLAM3/ros/src/ORB_SLAM3/src/AR/ViewerAR.cc:19[m[K:
/home/jy/orb_slam_ws/ORB_SLAM3/ros/src/ORB_SLAM3/../../../Thirdparty/g2o/g2o/types/../core/base_binary_edge.h: In instantiation of ‘[01m[Kclass g2o::BaseBinaryEdge<7, g2o::Sim3, g2o::VertexSim3Expmap, g2o::VertexSim3Expmap>[m[K’:
[01m[K/home/jy/orb_slam_ws/ORB_SLAM3/ros/src/ORB_SLAM3/../../../Thirdparty/g2o/g2o/types/types_seven_dof_expmap.h:99:27:[m[K   required from here
[01m[K/home/jy/orb_slam_ws/ORB_SLAM3/ros/src/ORB_SLAM3/../../../Thirdparty/g2o/g2o/types/../core/base_binary_edge.h:59:80:[m[K [01;35m[Kwarning: [m[K‘[01m[KEigen::AlignedBit[m[K’ is deprecated [[01;35m[K-Wdeprecated-declarations[m[K]
       typedef Eigen::Map<Matrix<double, Di, Dj>, [01;35m[KMatrix<double, Di, Dj>::Flags & AlignedBit[m[K ? Aligned : Unaligned > HessianBlockType;
                                                  [01;35m[K~~~~~~~~~~~~~~~~~~~~~~~~~~~~~~^~~~~~~~~~~~[m[K
In file included from [01m[K/usr/include/eigen3/Eigen/Core:344:0[m[K,
                 from [01m[K/home/jy/orb_slam_ws/dependencies/Pangolin/include/pangolin/display/opengl_render_state.h:40[m[K,
                 from [01m[K/home/jy/orb_slam_ws/dependencies/Pangolin/include/pangolin/display/viewport.h:31[m[K,
                 from [01m[K/home/jy/orb_slam_ws/dependencies/Pangolin/include/pangolin/gl/gl.h:30[m[K,
                 from [01m[K/home/jy/orb_slam_ws/dependencies/Pangolin/include/pangolin/pangolin.h:33[m[K,
                 from [01m[K/home/jy/orb_slam_ws/ORB_SLAM3/ros/src/ORB_SLAM3/src/AR/ViewerAR.h:25[m[K,
                 from [01m[K/home/jy/orb_slam_ws/ORB_SLAM3/ros/src/ORB_SLAM3/src/AR/ViewerAR.cc:19[m[K:
[01m[K/usr/include/eigen3/Eigen/src/Core/util/Constants.h:162:37:[m[K [01;36m[Knote: [m[Kdeclared here
 EIGEN_DEPRECATED const unsigned int [01;36m[KAlignedBit[m[K = 0x80;
                                     [01;36m[K^~~~~~~~~~[m[K
In file included from [01m[K/home/jy/orb_slam_ws/ORB_SLAM3/ros/src/ORB_SLAM3/../../../Thirdparty/g2o/g2o/types/types_seven_dof_expmap.h:35:0[m[K,
                 from [01m[K/home/jy/orb_slam_ws/ORB_SLAM3/ros/src/ORB_SLAM3/../../../include/LoopClosing.h:34[m[K,
                 from [01m[K/home/jy/orb_slam_ws/ORB_SLAM3/ros/src/ORB_SLAM3/../../../include/LocalMapping.h:25[m[K,
                 from [01m[K/home/jy/orb_slam_ws/ORB_SLAM3/ros/src/ORB_SLAM3/../../../include/Tracking.h:30[m[K,
                 from [01m[K/home/jy/orb_slam_ws/ORB_SLAM3/ros/src/ORB_SLAM3/../../../include/System.h:32[m[K,
                 from [01m[K/home/jy/orb_slam_ws/ORB_SLAM3/ros/src/ORB_SLAM3/src/AR/ViewerAR.h:27[m[K,
                 from [01m[K/home/jy/orb_slam_ws/ORB_SLAM3/ros/src/ORB_SLAM3/src/AR/ViewerAR.cc:19[m[K:
[01m[K/home/jy/orb_slam_ws/ORB_SLAM3/ros/src/ORB_SLAM3/../../../Thirdparty/g2o/g2o/types/../core/base_binary_edge.h:60:80:[m[K [01;35m[Kwarning: [m[K‘[01m[KEigen::AlignedBit[m[K’ is deprecated [[01;35m[K-Wdeprecated-declarations[m[K]
       typedef Eigen::Map<Matrix<double, Dj, Di>, [01;35m[KMatrix<double, Dj, Di>::Flags & AlignedBit[m[K ? Aligned : Unaligned > HessianBlockTransposedType;
                                                  [01;35m[K~~~~~~~~~~~~~~~~~~~~~~~~~~~~~~^~~~~~~~~~~~[m[K
In file included from [01m[K/usr/include/eigen3/Eigen/Core:344:0[m[K,
                 from [01m[K/home/jy/orb_slam_ws/dependencies/Pangolin/include/pangolin/display/opengl_render_state.h:40[m[K,
                 from [01m[K/home/jy/orb_slam_ws/dependencies/Pangolin/include/pangolin/display/viewport.h:31[m[K,
                 from [01m[K/home/jy/orb_slam_ws/dependencies/Pangolin/include/pangolin/gl/gl.h:30[m[K,
                 from [01m[K/home/jy/orb_slam_ws/dependencies/Pangolin/include/pangolin/pangolin.h:33[m[K,
                 from [01m[K/home/jy/orb_slam_ws/ORB_SLAM3/ros/src/ORB_SLAM3/src/AR/ViewerAR.h:25[m[K,
                 from [01m[K/home/jy/orb_slam_ws/ORB_SLAM3/ros/src/ORB_SLAM3/src/AR/ViewerAR.cc:19[m[K:
[01m[K/usr/include/eigen3/Eigen/src/Core/util/Constants.h:162:37:[m[K [01;36m[Knote: [m[Kdeclared here
 EIGEN_DEPRECATED const unsigned int [01;36m[KAlignedBit[m[K = 0x80;
                                     [01;36m[K^~~~~~~~~~[m[K
In file included from [01m[K/home/jy/orb_slam_ws/ORB_SLAM3/ros/src/ORB_SLAM3/../../../Thirdparty/g2o/g2o/types/types_seven_dof_expmap.h:35:0[m[K,
                 from [01m[K/home/jy/orb_slam_ws/ORB_SLAM3/ros/src/ORB_SLAM3/../../../include/LoopClosing.h:34[m[K,
                 from [01m[K/home/jy/orb_slam_ws/ORB_SLAM3/ros/src/ORB_SLAM3/../../../include/LocalMapping.h:25[m[K,
                 from [01m[K/home/jy/orb_slam_ws/ORB_SLAM3/ros/src/ORB_SLAM3/../../../include/Tracking.h:30[m[K,
                 from [01m[K/home/jy/orb_slam_ws/ORB_SLAM3/ros/src/ORB_SLAM3/../../../include/System.h:32[m[K,
                 from [01m[K/home/jy/orb_slam_ws/ORB_SLAM3/ros/src/ORB_SLAM3/src/AR/ViewerAR.h:27[m[K,
                 from [01m[K/home/jy/orb_slam_ws/ORB_SLAM3/ros/src/ORB_SLAM3/src/AR/ViewerAR.cc:19[m[K:
/home/jy/orb_slam_ws/ORB_SLAM3/ros/src/ORB_SLAM3/../../../Thirdparty/g2o/g2o/types/../core/base_binary_edge.h: In instantiation of ‘[01m[Kclass g2o::BaseBinaryEdge<2, Eigen::Matrix<double, 2, 1>, g2o::VertexSBAPointXYZ, g2o::VertexSim3Expmap>[m[K’:
[01m[K/home/jy/orb_slam_ws/ORB_SLAM3/ros/src/ORB_SLAM3/../../../Thirdparty/g2o/g2o/types/types_seven_dof_expmap.h:130:36:[m[K   required from here
[01m[K/home/jy/orb_slam_ws/ORB_SLAM3/ros/src/ORB_SLAM3/../../../Thirdparty/g2o/g2o/types/../core/base_binary_edge.h:59:80:[m[K [01;35m[Kwarning: [m[K‘[01m[KEigen::AlignedBit[m[K’ is deprecated [[01;35m[K-Wdeprecated-declarations[m[K]
       typedef Eigen::Map<Matrix<double, Di, Dj>, [01;35m[KMatrix<double, Di, Dj>::Flags & AlignedBit[m[K ? Aligned : Unaligned > HessianBlockType;
                                                  [01;35m[K~~~~~~~~~~~~~~~~~~~~~~~~~~~~~~^~~~~~~~~~~~[m[K
In file included from [01m[K/usr/include/eigen3/Eigen/Core:344:0[m[K,
                 from [01m[K/home/jy/orb_slam_ws/dependencies/Pangolin/include/pangolin/display/opengl_render_state.h:40[m[K,
                 from [01m[K/home/jy/orb_slam_ws/dependencies/Pangolin/include/pangolin/display/viewport.h:31[m[K,
                 from [01m[K/home/jy/orb_slam_ws/dependencies/Pangolin/include/pangolin/gl/gl.h:30[m[K,
                 from [01m[K/home/jy/orb_slam_ws/dependencies/Pangolin/include/pangolin/pangolin.h:33[m[K,
                 from [01m[K/home/jy/orb_slam_ws/ORB_SLAM3/ros/src/ORB_SLAM3/src/AR/ViewerAR.h:25[m[K,
                 from [01m[K/home/jy/orb_slam_ws/ORB_SLAM3/ros/src/ORB_SLAM3/src/AR/ViewerAR.cc:19[m[K:
[01m[K/usr/include/eigen3/Eigen/src/Core/util/Constants.h:162:37:[m[K [01;36m[Knote: [m[Kdeclared here
 EIGEN_DEPRECATED const unsigned int [01;36m[KAlignedBit[m[K = 0x80;
                                     [01;36m[K^~~~~~~~~~[m[K
In file included from [01m[K/home/jy/orb_slam_ws/ORB_SLAM3/ros/src/ORB_SLAM3/../../../Thirdparty/g2o/g2o/types/types_seven_dof_expmap.h:35:0[m[K,
                 from [01m[K/home/jy/orb_slam_ws/ORB_SLAM3/ros/src/ORB_SLAM3/../../../include/LoopClosing.h:34[m[K,
                 from [01m[K/home/jy/orb_slam_ws/ORB_SLAM3/ros/src/ORB_SLAM3/../../../include/LocalMapping.h:25[m[K,
                 from [01m[K/home/jy/orb_slam_ws/ORB_SLAM3/ros/src/ORB_SLAM3/../../../include/Tracking.h:30[m[K,
                 from [01m[K/home/jy/orb_slam_ws/ORB_SLAM3/ros/src/ORB_SLAM3/../../../include/System.h:32[m[K,
                 from [01m[K/home/jy/orb_slam_ws/ORB_SLAM3/ros/src/ORB_SLAM3/src/AR/ViewerAR.h:27[m[K,
                 from [01m[K/home/jy/orb_slam_ws/ORB_SLAM3/ros/src/ORB_SLAM3/src/AR/ViewerAR.cc:19[m[K:
[01m[K/home/jy/orb_slam_ws/ORB_SLAM3/ros/src/ORB_SLAM3/../../../Thirdparty/g2o/g2o/types/../core/base_binary_edge.h:60:80:[m[K [01;35m[Kwarning: [m[K‘[01m[KEigen::AlignedBit[m[K’ is deprecated [[01;35m[K-Wdeprecated-declarations[m[K]
       typedef Eigen::Map<Matrix<double, Dj, Di>, [01;35m[KMatrix<double, Dj, Di>::Flags & AlignedBit[m[K ? Aligned : Unaligned > HessianBlockTransposedType;
                                                  [01;35m[K~~~~~~~~~~~~~~~~~~~~~~~~~~~~~~^~~~~~~~~~~~[m[K
In file included from [01m[K/usr/include/eigen3/Eigen/Core:344:0[m[K,
                 from [01m[K/home/jy/orb_slam_ws/dependencies/Pangolin/include/pangolin/display/opengl_render_state.h:40[m[K,
                 from [01m[K/home/jy/orb_slam_ws/dependencies/Pangolin/include/pangolin/display/viewport.h:31[m[K,
                 from [01m[K/home/jy/orb_slam_ws/dependencies/Pangolin/include/pangolin/gl/gl.h:30[m[K,
                 from [01m[K/home/jy/orb_slam_ws/dependencies/Pangolin/include/pangolin/pangolin.h:33[m[K,
                 from [01m[K/home/jy/orb_slam_ws/ORB_SLAM3/ros/src/ORB_SLAM3/src/AR/ViewerAR.h:25[m[K,
                 from [01m[K/home/jy/orb_slam_ws/ORB_SLAM3/ros/src/ORB_SLAM3/src/AR/ViewerAR.cc:19[m[K:
[01m[K/usr/include/eigen3/Eigen/src/Core/util/Constants.h:162:37:[m[K [01;36m[Knote: [m[Kdeclared here
 EIGEN_DEPRECATED const unsigned int [01;36m[KAlignedBit[m[K = 0x80;
                                     [01;36m[K^~~~~~~~~~[m[K
CMakeFiles/Makefile2:1069: recipe for target 'CMakeFiles/mono_ar.dir/all' failed
make[1]: *** [CMakeFiles/mono_ar.dir/all] Error 2
Makefile:140: recipe for target 'all' failed
make: *** [all] Error 2
